<?xml version="1.0" encoding="UTF-8"?>
<!-- Generated by org.testng.reporters.JUnitXMLReporter -->
<testsuite hostname="Naveen-Mac.local" ignored="0" name="Regression Functional Regression Test" tests="6" failures="0" timestamp="06 Mar 2020 03:16:59 GMT" time="22.966" errors="0">
  <testcase name="verifySignUpLinkTest" time="4.839" classname="com.qa.hubspot.tests.LoginPageTest"/>
  <testcase name="verifyHomePageHedearTest" time="0.079" classname="com.qa.hubspot.tests.HomePageTest"/>
  <testcase name="verifyLoginPageTitleTest" time="0.083" classname="com.qa.hubspot.tests.LoginPageTest"/>
  <testcase name="verifyHomePageTitleTest" time="0.016" classname="com.qa.hubspot.tests.HomePageTest"/>
  <testcase name="loginTest" time="5.33" classname="com.qa.hubspot.tests.LoginPageTest"/>
  <testcase name="verifyLoggedInUserTest" time="0.057" classname="com.qa.hubspot.tests.HomePageTest"/>
</testsuite> <!-- Regression Functional Regression Test -->
