<?xml version="1.0" encoding="UTF-8"?>
<!-- Generated by org.testng.reporters.JUnitXMLReporter -->
<testsuite hostname="Naveen-Mac.local" ignored="2" name="Surefire test" tests="2" failures="0" timestamp="13 Mar 2020 02:42:15 GMT" time="7.247" errors="0">
  <testcase name="verifySignUpLinkTest" time="4.202" classname="com.qa.hubspot.tests.LoginPageTest"/>
  <testcase name="verifyLoginPageTitleTest" time="0.014" classname="com.qa.hubspot.tests.LoginPageTest"/>
  <testcase name="loginTest" time="0.0" classname="com.qa.hubspot.tests.LoginPageTest">
    <ignored/>
  </testcase> <!-- loginTest -->
  <testcase name="login_InvalidTestCases" time="0.0" classname="com.qa.hubspot.tests.LoginPageTest">
    <ignored/>
  </testcase> <!-- login_InvalidTestCases -->
</testsuite> <!-- Surefire test -->
